[12-Sep-2017 17:25:46 UTC] PHP Parse error:  syntax error, unexpected 'break' (T_BREAK) in /home/ubuntu/workspace/ksolomon-cst352/challenges/challenge2.php on line 20
[12-Sep-2017 17:26:03 UTC] PHP Parse error:  syntax error, unexpected 'break' (T_BREAK) in /home/ubuntu/workspace/ksolomon-cst352/challenges/challenge2.php on line 20
[12-Sep-2017 17:26:14 UTC] PHP Parse error:  syntax error, unexpected 'break' (T_BREAK) in /home/ubuntu/workspace/ksolomon-cst352/challenges/challenge2.php on line 20
[12-Sep-2017 17:31:47 UTC] PHP Parse error:  syntax error, unexpected 'break' (T_BREAK) in /home/ubuntu/workspace/ksolomon-cst352/challenges/challenge2.php on line 21
[12-Sep-2017 17:40:16 UTC] PHP Parse error:  syntax error, unexpected 'break' (T_BREAK) in /home/ubuntu/workspace/ksolomon-cst352/challenges/challenge2.php on line 43
[12-Sep-2017 17:48:34 UTC] PHP Fatal error:  Cannot redeclare displayCard() (previously declared in /home/ubuntu/workspace/ksolomon-cst352/challenges/challenge2.php:16) in /home/ubuntu/workspace/ksolomon-cst352/challenges/challenge2.php on line 46
[12-Sep-2017 17:48:51 UTC] PHP Fatal error:  Cannot redeclare displayCard() (previously declared in /home/ubuntu/workspace/ksolomon-cst352/challenges/challenge2.php:16) in /home/ubuntu/workspace/ksolomon-cst352/challenges/challenge2.php on line 46
[12-Sep-2017 17:48:55 UTC] PHP Fatal error:  Cannot redeclare displayCard() (previously declared in /home/ubuntu/workspace/ksolomon-cst352/challenges/challenge2.php:16) in /home/ubuntu/workspace/ksolomon-cst352/challenges/challenge2.php on line 46
[12-Sep-2017 17:49:27 UTC] PHP Fatal error:  Cannot redeclare displayCard() (previously declared in /home/ubuntu/workspace/ksolomon-cst352/challenges/challenge2.php:16) in /home/ubuntu/workspace/ksolomon-cst352/challenges/challenge2.php on line 46
[12-Sep-2017 17:49:47 UTC] PHP Parse error:  syntax error, unexpected '}' in /home/ubuntu/workspace/ksolomon-cst352/challenges/challenge2.php on line 46
[12-Sep-2017 17:49:59 UTC] PHP Fatal error:  Call to undefined function displaySymbol() in /home/ubuntu/workspace/ksolomon-cst352/challenges/challenge2.php on line 32
[12-Sep-2017 17:49:59 UTC] PHP Stack trace:
[12-Sep-2017 17:49:59 UTC] PHP   1. {main}() /home/ubuntu/workspace/ksolomon-cst352/challenges/challenge2.php:0
[12-Sep-2017 17:50:04 UTC] PHP Fatal error:  Call to undefined function displaySymbol() in /home/ubuntu/workspace/ksolomon-cst352/challenges/challenge2.php on line 32
[12-Sep-2017 17:50:04 UTC] PHP Stack trace:
[12-Sep-2017 17:50:04 UTC] PHP   1. {main}() /home/ubuntu/workspace/ksolomon-cst352/challenges/challenge2.php:0
[12-Sep-2017 17:50:45 UTC] PHP Fatal error:  Call to undefined function displaySymbol() in /home/ubuntu/workspace/ksolomon-cst352/challenges/challenge2.php on line 32
[12-Sep-2017 17:50:45 UTC] PHP Stack trace:
[12-Sep-2017 17:50:45 UTC] PHP   1. {main}() /home/ubuntu/workspace/ksolomon-cst352/challenges/challenge2.php:0
[12-Sep-2017 17:50:51 UTC] PHP Fatal error:  Call to undefined function displaySymbol() in /home/ubuntu/workspace/ksolomon-cst352/challenges/challenge2.php on line 32
[12-Sep-2017 17:50:51 UTC] PHP Stack trace:
[12-Sep-2017 17:50:51 UTC] PHP   1. {main}() /home/ubuntu/workspace/ksolomon-cst352/challenges/challenge2.php:0
[12-Sep-2017 17:51:11 UTC] PHP Fatal error:  Call to undefined function displaySymbol() in /home/ubuntu/workspace/ksolomon-cst352/challenges/challenge2.php on line 32
[12-Sep-2017 17:51:11 UTC] PHP Stack trace:
[12-Sep-2017 17:51:11 UTC] PHP   1. {main}() /home/ubuntu/workspace/ksolomon-cst352/challenges/challenge2.php:0
