[07-Sep-2017 17:34:37 UTC] PHP Parse error:  syntax error, unexpected ',' in /home/ubuntu/workspace/ksolomon-cst352/labs/practice/randomBgcolor.php on line 11
[07-Sep-2017 17:35:14 UTC] PHP Parse error:  syntax error, unexpected ',' in /home/ubuntu/workspace/ksolomon-cst352/labs/practice/randomBgcolor.php on line 11
[07-Sep-2017 17:35:16 UTC] PHP Parse error:  syntax error, unexpected ',' in /home/ubuntu/workspace/ksolomon-cst352/labs/practice/randomBgcolor.php on line 11
[07-Sep-2017 22:32:14 UTC] PHP Fatal error:  Call to undefined function displaySymbol() in /home/ubuntu/workspace/ksolomon-cst352/labs/777/index.php on line 9
[07-Sep-2017 22:32:14 UTC] PHP Stack trace:
[07-Sep-2017 22:32:14 UTC] PHP   1. {main}() /home/ubuntu/workspace/ksolomon-cst352/labs/777/index.php:0
[07-Sep-2017 22:32:21 UTC] PHP Fatal error:  Call to undefined function displaySymbol() in /home/ubuntu/workspace/ksolomon-cst352/labs/777/index.php on line 9
[07-Sep-2017 22:32:21 UTC] PHP Stack trace:
[07-Sep-2017 22:32:21 UTC] PHP   1. {main}() /home/ubuntu/workspace/ksolomon-cst352/labs/777/index.php:0
[07-Sep-2017 22:35:24 UTC] PHP Fatal error:  Call to undefined function displaySymbol() in /home/ubuntu/workspace/ksolomon-cst352/labs/777/index.php on line 9
[07-Sep-2017 22:35:24 UTC] PHP Stack trace:
[07-Sep-2017 22:35:24 UTC] PHP   1. {main}() /home/ubuntu/workspace/ksolomon-cst352/labs/777/index.php:0
[07-Sep-2017 22:35:26 UTC] PHP Fatal error:  Call to undefined function displaySymbol() in /home/ubuntu/workspace/ksolomon-cst352/labs/777/index.php on line 9
[07-Sep-2017 22:35:26 UTC] PHP Stack trace:
[07-Sep-2017 22:35:26 UTC] PHP   1. {main}() /home/ubuntu/workspace/ksolomon-cst352/labs/777/index.php:0
[07-Sep-2017 22:37:20 UTC] PHP Fatal error:  Call to undefined function displaySymbol() in /home/ubuntu/workspace/ksolomon-cst352/labs/777/index.php on line 9
[07-Sep-2017 22:37:20 UTC] PHP Stack trace:
[07-Sep-2017 22:37:20 UTC] PHP   1. {main}() /home/ubuntu/workspace/ksolomon-cst352/labs/777/index.php:0
[10-Sep-2017 00:06:10 UTC] PHP Warning:  include(inc/function.php): failed to open stream: No such file or directory in /home/ubuntu/workspace/ksolomon-cst352/labs/777/index.php on line 8
[10-Sep-2017 00:06:10 UTC] PHP Stack trace:
[10-Sep-2017 00:06:10 UTC] PHP   1. {main}() /home/ubuntu/workspace/ksolomon-cst352/labs/777/index.php:0
[10-Sep-2017 00:06:10 UTC] PHP Warning:  include(): Failed opening 'inc/function.php' for inclusion (include_path='.:/usr/share/php:/usr/share/pear') in /home/ubuntu/workspace/ksolomon-cst352/labs/777/index.php on line 8
[10-Sep-2017 00:06:10 UTC] PHP Stack trace:
[10-Sep-2017 00:06:10 UTC] PHP   1. {main}() /home/ubuntu/workspace/ksolomon-cst352/labs/777/index.php:0
[10-Sep-2017 00:06:10 UTC] PHP Fatal error:  Call to undefined function displaySymbol() in /home/ubuntu/workspace/ksolomon-cst352/labs/777/index.php on line 11
[10-Sep-2017 00:06:10 UTC] PHP Stack trace:
[10-Sep-2017 00:06:10 UTC] PHP   1. {main}() /home/ubuntu/workspace/ksolomon-cst352/labs/777/index.php:0
[10-Sep-2017 00:06:11 UTC] PHP Warning:  include(inc/function.php): failed to open stream: No such file or directory in /home/ubuntu/workspace/ksolomon-cst352/labs/777/index.php on line 8
[10-Sep-2017 00:06:11 UTC] PHP Stack trace:
[10-Sep-2017 00:06:11 UTC] PHP   1. {main}() /home/ubuntu/workspace/ksolomon-cst352/labs/777/index.php:0
[10-Sep-2017 00:06:11 UTC] PHP Warning:  include(): Failed opening 'inc/function.php' for inclusion (include_path='.:/usr/share/php:/usr/share/pear') in /home/ubuntu/workspace/ksolomon-cst352/labs/777/index.php on line 8
[10-Sep-2017 00:06:11 UTC] PHP Stack trace:
[10-Sep-2017 00:06:11 UTC] PHP   1. {main}() /home/ubuntu/workspace/ksolomon-cst352/labs/777/index.php:0
[10-Sep-2017 00:06:11 UTC] PHP Fatal error:  Call to undefined function displaySymbol() in /home/ubuntu/workspace/ksolomon-cst352/labs/777/index.php on line 11
[10-Sep-2017 00:06:11 UTC] PHP Stack trace:
[10-Sep-2017 00:06:11 UTC] PHP   1. {main}() /home/ubuntu/workspace/ksolomon-cst352/labs/777/index.php:0
[10-Sep-2017 00:06:12 UTC] PHP Warning:  include(inc/function.php): failed to open stream: No such file or directory in /home/ubuntu/workspace/ksolomon-cst352/labs/777/index.php on line 8
[10-Sep-2017 00:06:12 UTC] PHP Stack trace:
[10-Sep-2017 00:06:12 UTC] PHP   1. {main}() /home/ubuntu/workspace/ksolomon-cst352/labs/777/index.php:0
[10-Sep-2017 00:06:12 UTC] PHP Warning:  include(): Failed opening 'inc/function.php' for inclusion (include_path='.:/usr/share/php:/usr/share/pear') in /home/ubuntu/workspace/ksolomon-cst352/labs/777/index.php on line 8
[10-Sep-2017 00:06:12 UTC] PHP Stack trace:
[10-Sep-2017 00:06:12 UTC] PHP   1. {main}() /home/ubuntu/workspace/ksolomon-cst352/labs/777/index.php:0
[10-Sep-2017 00:06:12 UTC] PHP Fatal error:  Call to undefined function displaySymbol() in /home/ubuntu/workspace/ksolomon-cst352/labs/777/index.php on line 11
[10-Sep-2017 00:06:12 UTC] PHP Stack trace:
[10-Sep-2017 00:06:12 UTC] PHP   1. {main}() /home/ubuntu/workspace/ksolomon-cst352/labs/777/index.php:0
[10-Sep-2017 00:06:13 UTC] PHP Warning:  include(inc/function.php): failed to open stream: No such file or directory in /home/ubuntu/workspace/ksolomon-cst352/labs/777/index.php on line 8
[10-Sep-2017 00:06:13 UTC] PHP Stack trace:
[10-Sep-2017 00:06:13 UTC] PHP   1. {main}() /home/ubuntu/workspace/ksolomon-cst352/labs/777/index.php:0
[10-Sep-2017 00:06:13 UTC] PHP Warning:  include(): Failed opening 'inc/function.php' for inclusion (include_path='.:/usr/share/php:/usr/share/pear') in /home/ubuntu/workspace/ksolomon-cst352/labs/777/index.php on line 8
[10-Sep-2017 00:06:13 UTC] PHP Stack trace:
[10-Sep-2017 00:06:13 UTC] PHP   1. {main}() /home/ubuntu/workspace/ksolomon-cst352/labs/777/index.php:0
[10-Sep-2017 00:06:13 UTC] PHP Fatal error:  Call to undefined function displaySymbol() in /home/ubuntu/workspace/ksolomon-cst352/labs/777/index.php on line 11
[10-Sep-2017 00:06:13 UTC] PHP Stack trace:
[10-Sep-2017 00:06:13 UTC] PHP   1. {main}() /home/ubuntu/workspace/ksolomon-cst352/labs/777/index.php:0
[10-Sep-2017 00:20:53 UTC] PHP Fatal error:  Call to undefined function play() in /home/ubuntu/workspace/ksolomon-cst352/labs/777/index.php on line 9
[10-Sep-2017 00:20:53 UTC] PHP Stack trace:
[10-Sep-2017 00:20:53 UTC] PHP   1. {main}() /home/ubuntu/workspace/ksolomon-cst352/labs/777/index.php:0
[10-Sep-2017 00:20:54 UTC] PHP Fatal error:  Call to undefined function play() in /home/ubuntu/workspace/ksolomon-cst352/labs/777/index.php on line 9
[10-Sep-2017 00:20:54 UTC] PHP Stack trace:
[10-Sep-2017 00:20:54 UTC] PHP   1. {main}() /home/ubuntu/workspace/ksolomon-cst352/labs/777/index.php:0
[10-Sep-2017 02:43:25 UTC] PHP Fatal error:  Cannot redeclare displaySymbol() (previously declared in /home/ubuntu/workspace/ksolomon-cst352/labs/777/index.php:17) in /home/ubuntu/workspace/ksolomon-cst352/labs/777/inc/functions.php on line 7
[10-Sep-2017 02:43:25 UTC] PHP Stack trace:
[10-Sep-2017 02:43:25 UTC] PHP   1. {main}() /home/ubuntu/workspace/ksolomon-cst352/labs/777/index.php:0
[10-Sep-2017 02:44:25 UTC] PHP Fatal error:  Cannot redeclare displaySymbol() (previously declared in /home/ubuntu/workspace/ksolomon-cst352/labs/777/index.php:17) in /home/ubuntu/workspace/ksolomon-cst352/labs/777/inc/functions.php on line 7
[10-Sep-2017 02:44:25 UTC] PHP Stack trace:
[10-Sep-2017 02:44:25 UTC] PHP   1. {main}() /home/ubuntu/workspace/ksolomon-cst352/labs/777/index.php:0
[10-Sep-2017 02:44:26 UTC] PHP Fatal error:  Cannot redeclare displaySymbol() (previously declared in /home/ubuntu/workspace/ksolomon-cst352/labs/777/index.php:17) in /home/ubuntu/workspace/ksolomon-cst352/labs/777/inc/functions.php on line 7
[10-Sep-2017 02:44:26 UTC] PHP Stack trace:
[10-Sep-2017 02:44:26 UTC] PHP   1. {main}() /home/ubuntu/workspace/ksolomon-cst352/labs/777/index.php:0
[10-Sep-2017 02:47:15 UTC] PHP Fatal error:  Cannot redeclare displaySymbol() (previously declared in /home/ubuntu/workspace/ksolomon-cst352/labs/777/index.php:21) in /home/ubuntu/workspace/ksolomon-cst352/labs/777/inc/functions.php on line 7
[10-Sep-2017 02:47:15 UTC] PHP Stack trace:
[10-Sep-2017 02:47:15 UTC] PHP   1. {main}() /home/ubuntu/workspace/ksolomon-cst352/labs/777/index.php:0
[10-Sep-2017 02:47:16 UTC] PHP Fatal error:  Cannot redeclare displaySymbol() (previously declared in /home/ubuntu/workspace/ksolomon-cst352/labs/777/index.php:21) in /home/ubuntu/workspace/ksolomon-cst352/labs/777/inc/functions.php on line 7
[10-Sep-2017 02:47:16 UTC] PHP Stack trace:
[10-Sep-2017 02:47:16 UTC] PHP   1. {main}() /home/ubuntu/workspace/ksolomon-cst352/labs/777/index.php:0
[10-Sep-2017 02:47:17 UTC] PHP Fatal error:  Cannot redeclare displaySymbol() (previously declared in /home/ubuntu/workspace/ksolomon-cst352/labs/777/index.php:21) in /home/ubuntu/workspace/ksolomon-cst352/labs/777/inc/functions.php on line 7
[10-Sep-2017 02:47:17 UTC] PHP Stack trace:
[10-Sep-2017 02:47:17 UTC] PHP   1. {main}() /home/ubuntu/workspace/ksolomon-cst352/labs/777/index.php:0
[10-Sep-2017 02:51:53 UTC] PHP Parse error:  syntax error, unexpected '}' in /home/ubuntu/workspace/ksolomon-cst352/labs/777/inc/functions.php on line 25
[10-Sep-2017 02:51:53 UTC] PHP Stack trace:
[10-Sep-2017 02:51:53 UTC] PHP   1. {main}() /home/ubuntu/workspace/ksolomon-cst352/labs/777/index.php:0
[10-Sep-2017 02:53:01 UTC] PHP Parse error:  syntax error, unexpected '}' in /home/ubuntu/workspace/ksolomon-cst352/labs/777/inc/functions.php on line 25
[10-Sep-2017 02:53:01 UTC] PHP Stack trace:
[10-Sep-2017 02:53:01 UTC] PHP   1. {main}() /home/ubuntu/workspace/ksolomon-cst352/labs/777/index.php:0
[10-Sep-2017 02:53:03 UTC] PHP Parse error:  syntax error, unexpected '}' in /home/ubuntu/workspace/ksolomon-cst352/labs/777/inc/functions.php on line 25
[10-Sep-2017 02:53:03 UTC] PHP Stack trace:
[10-Sep-2017 02:53:03 UTC] PHP   1. {main}() /home/ubuntu/workspace/ksolomon-cst352/labs/777/index.php:0
[10-Sep-2017 02:53:29 UTC] PHP Parse error:  syntax error, unexpected '}' in /home/ubuntu/workspace/ksolomon-cst352/labs/777/inc/functions.php on line 25
[10-Sep-2017 02:53:29 UTC] PHP Stack trace:
[10-Sep-2017 02:53:29 UTC] PHP   1. {main}() /home/ubuntu/workspace/ksolomon-cst352/labs/777/index.php:0
[10-Sep-2017 02:53:29 UTC] PHP Parse error:  syntax error, unexpected '}' in /home/ubuntu/workspace/ksolomon-cst352/labs/777/inc/functions.php on line 25
[10-Sep-2017 02:53:29 UTC] PHP Stack trace:
[10-Sep-2017 02:53:29 UTC] PHP   1. {main}() /home/ubuntu/workspace/ksolomon-cst352/labs/777/index.php:0
[10-Sep-2017 02:53:29 UTC] PHP Parse error:  syntax error, unexpected '}' in /home/ubuntu/workspace/ksolomon-cst352/labs/777/inc/functions.php on line 25
[10-Sep-2017 02:53:29 UTC] PHP Stack trace:
[10-Sep-2017 02:53:29 UTC] PHP   1. {main}() /home/ubuntu/workspace/ksolomon-cst352/labs/777/index.php:0
[10-Sep-2017 02:53:30 UTC] PHP Parse error:  syntax error, unexpected '}' in /home/ubuntu/workspace/ksolomon-cst352/labs/777/inc/functions.php on line 25
[10-Sep-2017 02:53:30 UTC] PHP Stack trace:
[10-Sep-2017 02:53:30 UTC] PHP   1. {main}() /home/ubuntu/workspace/ksolomon-cst352/labs/777/index.php:0
[10-Sep-2017 02:53:43 UTC] PHP Parse error:  syntax error, unexpected '}' in /home/ubuntu/workspace/ksolomon-cst352/labs/777/inc/functions.php on line 25
[10-Sep-2017 02:53:43 UTC] PHP Stack trace:
[10-Sep-2017 02:53:43 UTC] PHP   1. {main}() /home/ubuntu/workspace/ksolomon-cst352/labs/777/index.php:0
[10-Sep-2017 02:53:43 UTC] PHP Parse error:  syntax error, unexpected '}' in /home/ubuntu/workspace/ksolomon-cst352/labs/777/inc/functions.php on line 25
[10-Sep-2017 02:53:43 UTC] PHP Stack trace:
[10-Sep-2017 02:53:43 UTC] PHP   1. {main}() /home/ubuntu/workspace/ksolomon-cst352/labs/777/index.php:0
[10-Sep-2017 02:55:17 UTC] PHP Parse error:  syntax error, unexpected '}' in /home/ubuntu/workspace/ksolomon-cst352/labs/777/inc/functions.php on line 25
[10-Sep-2017 02:55:17 UTC] PHP Stack trace:
[10-Sep-2017 02:55:17 UTC] PHP   1. {main}() /home/ubuntu/workspace/ksolomon-cst352/labs/777/index.php:0
[10-Sep-2017 02:55:19 UTC] PHP Parse error:  syntax error, unexpected '}' in /home/ubuntu/workspace/ksolomon-cst352/labs/777/inc/functions.php on line 25
[10-Sep-2017 02:55:19 UTC] PHP Stack trace:
[10-Sep-2017 02:55:19 UTC] PHP   1. {main}() /home/ubuntu/workspace/ksolomon-cst352/labs/777/index.php:0
[10-Sep-2017 02:55:20 UTC] PHP Parse error:  syntax error, unexpected '}' in /home/ubuntu/workspace/ksolomon-cst352/labs/777/inc/functions.php on line 25
[10-Sep-2017 02:55:20 UTC] PHP Stack trace:
[10-Sep-2017 02:55:20 UTC] PHP   1. {main}() /home/ubuntu/workspace/ksolomon-cst352/labs/777/index.php:0
[10-Sep-2017 02:55:24 UTC] PHP Parse error:  syntax error, unexpected '}' in /home/ubuntu/workspace/ksolomon-cst352/labs/777/inc/functions.php on line 25
[10-Sep-2017 02:55:24 UTC] PHP Stack trace:
[10-Sep-2017 02:55:24 UTC] PHP   1. {main}() /home/ubuntu/workspace/ksolomon-cst352/labs/777/index.php:0
[10-Sep-2017 02:55:25 UTC] PHP Parse error:  syntax error, unexpected '}' in /home/ubuntu/workspace/ksolomon-cst352/labs/777/inc/functions.php on line 25
[10-Sep-2017 02:55:25 UTC] PHP Stack trace:
[10-Sep-2017 02:55:25 UTC] PHP   1. {main}() /home/ubuntu/workspace/ksolomon-cst352/labs/777/index.php:0
[10-Sep-2017 02:55:28 UTC] PHP Parse error:  syntax error, unexpected '}' in /home/ubuntu/workspace/ksolomon-cst352/labs/777/inc/functions.php on line 25
[10-Sep-2017 02:55:28 UTC] PHP Stack trace:
[10-Sep-2017 02:55:28 UTC] PHP   1. {main}() /home/ubuntu/workspace/ksolomon-cst352/labs/777/index.php:0
[10-Sep-2017 02:55:35 UTC] PHP Parse error:  syntax error, unexpected '}' in /home/ubuntu/workspace/ksolomon-cst352/labs/777/inc/functions.php on line 25
[10-Sep-2017 02:55:35 UTC] PHP Stack trace:
[10-Sep-2017 02:55:35 UTC] PHP   1. {main}() /home/ubuntu/workspace/ksolomon-cst352/labs/777/index.php:0
[10-Sep-2017 02:55:36 UTC] PHP Parse error:  syntax error, unexpected '}' in /home/ubuntu/workspace/ksolomon-cst352/labs/777/inc/functions.php on line 25
[10-Sep-2017 02:55:36 UTC] PHP Stack trace:
[10-Sep-2017 02:55:36 UTC] PHP   1. {main}() /home/ubuntu/workspace/ksolomon-cst352/labs/777/index.php:0
[10-Sep-2017 02:55:37 UTC] PHP Parse error:  syntax error, unexpected '}' in /home/ubuntu/workspace/ksolomon-cst352/labs/777/inc/functions.php on line 25
[10-Sep-2017 02:55:37 UTC] PHP Stack trace:
[10-Sep-2017 02:55:37 UTC] PHP   1. {main}() /home/ubuntu/workspace/ksolomon-cst352/labs/777/index.php:0
[10-Sep-2017 02:55:38 UTC] PHP Parse error:  syntax error, unexpected '}' in /home/ubuntu/workspace/ksolomon-cst352/labs/777/inc/functions.php on line 25
[10-Sep-2017 02:55:38 UTC] PHP Stack trace:
[10-Sep-2017 02:55:38 UTC] PHP   1. {main}() /home/ubuntu/workspace/ksolomon-cst352/labs/777/index.php:0
[10-Sep-2017 02:57:09 UTC] PHP Parse error:  syntax error, unexpected '}' in /home/ubuntu/workspace/ksolomon-cst352/labs/777/inc/functions.php on line 25
[10-Sep-2017 02:57:09 UTC] PHP Stack trace:
[10-Sep-2017 02:57:09 UTC] PHP   1. {main}() /home/ubuntu/workspace/ksolomon-cst352/labs/777/index.php:0
[10-Sep-2017 02:57:10 UTC] PHP Parse error:  syntax error, unexpected '}' in /home/ubuntu/workspace/ksolomon-cst352/labs/777/inc/functions.php on line 25
[10-Sep-2017 02:57:10 UTC] PHP Stack trace:
[10-Sep-2017 02:57:10 UTC] PHP   1. {main}() /home/ubuntu/workspace/ksolomon-cst352/labs/777/index.php:0
[10-Sep-2017 02:59:30 UTC] PHP Parse error:  syntax error, unexpected '}' in /home/ubuntu/workspace/ksolomon-cst352/labs/777/inc/functions.php on line 25
[10-Sep-2017 02:59:30 UTC] PHP Stack trace:
[10-Sep-2017 02:59:30 UTC] PHP   1. {main}() /home/ubuntu/workspace/ksolomon-cst352/labs/777/index.php:0
[10-Sep-2017 03:01:21 UTC] PHP Warning:  Missing argument 2 for displaySymbol(), called in /home/ubuntu/workspace/ksolomon-cst352/labs/777/inc/functions.php on line 4 and defined in /home/ubuntu/workspace/ksolomon-cst352/labs/777/inc/functions.php on line 7
[10-Sep-2017 03:01:21 UTC] PHP Stack trace:
[10-Sep-2017 03:01:21 UTC] PHP   1. {main}() /home/ubuntu/workspace/ksolomon-cst352/labs/777/index.php:0
[10-Sep-2017 03:01:21 UTC] PHP   2. include() /home/ubuntu/workspace/ksolomon-cst352/labs/777/index.php:19
[10-Sep-2017 03:01:21 UTC] PHP   3. displaySymbol() /home/ubuntu/workspace/ksolomon-cst352/labs/777/inc/functions.php:4
[10-Sep-2017 03:01:21 UTC] PHP Warning:  Missing argument 2 for displaySymbol(), called in /home/ubuntu/workspace/ksolomon-cst352/labs/777/inc/functions.php on line 4 and defined in /home/ubuntu/workspace/ksolomon-cst352/labs/777/inc/functions.php on line 7
[10-Sep-2017 03:01:21 UTC] PHP Stack trace:
[10-Sep-2017 03:01:21 UTC] PHP   1. {main}() /home/ubuntu/workspace/ksolomon-cst352/labs/777/index.php:0
[10-Sep-2017 03:01:21 UTC] PHP   2. include() /home/ubuntu/workspace/ksolomon-cst352/labs/777/index.php:19
[10-Sep-2017 03:01:21 UTC] PHP   3. displaySymbol() /home/ubuntu/workspace/ksolomon-cst352/labs/777/inc/functions.php:4
[10-Sep-2017 03:01:21 UTC] PHP Warning:  Missing argument 2 for displaySymbol(), called in /home/ubuntu/workspace/ksolomon-cst352/labs/777/inc/functions.php on line 4 and defined in /home/ubuntu/workspace/ksolomon-cst352/labs/777/inc/functions.php on line 7
[10-Sep-2017 03:01:21 UTC] PHP Stack trace:
[10-Sep-2017 03:01:21 UTC] PHP   1. {main}() /home/ubuntu/workspace/ksolomon-cst352/labs/777/index.php:0
[10-Sep-2017 03:01:21 UTC] PHP   2. include() /home/ubuntu/workspace/ksolomon-cst352/labs/777/index.php:19
[10-Sep-2017 03:01:21 UTC] PHP   3. displaySymbol() /home/ubuntu/workspace/ksolomon-cst352/labs/777/inc/functions.php:4
[10-Sep-2017 03:01:36 UTC] PHP Warning:  Missing argument 2 for displaySymbol(), called in /home/ubuntu/workspace/ksolomon-cst352/labs/777/inc/functions.php on line 4 and defined in /home/ubuntu/workspace/ksolomon-cst352/labs/777/inc/functions.php on line 7
[10-Sep-2017 03:01:36 UTC] PHP Stack trace:
[10-Sep-2017 03:01:36 UTC] PHP   1. {main}() /home/ubuntu/workspace/ksolomon-cst352/labs/777/index.php:0
[10-Sep-2017 03:01:36 UTC] PHP   2. include() /home/ubuntu/workspace/ksolomon-cst352/labs/777/index.php:19
[10-Sep-2017 03:01:36 UTC] PHP   3. displaySymbol() /home/ubuntu/workspace/ksolomon-cst352/labs/777/inc/functions.php:4
[10-Sep-2017 03:01:36 UTC] PHP Warning:  Missing argument 2 for displaySymbol(), called in /home/ubuntu/workspace/ksolomon-cst352/labs/777/inc/functions.php on line 4 and defined in /home/ubuntu/workspace/ksolomon-cst352/labs/777/inc/functions.php on line 7
[10-Sep-2017 03:01:36 UTC] PHP Stack trace:
[10-Sep-2017 03:01:36 UTC] PHP   1. {main}() /home/ubuntu/workspace/ksolomon-cst352/labs/777/index.php:0
[10-Sep-2017 03:01:36 UTC] PHP   2. include() /home/ubuntu/workspace/ksolomon-cst352/labs/777/index.php:19
[10-Sep-2017 03:01:36 UTC] PHP   3. displaySymbol() /home/ubuntu/workspace/ksolomon-cst352/labs/777/inc/functions.php:4
[10-Sep-2017 03:01:36 UTC] PHP Warning:  Missing argument 2 for displaySymbol(), called in /home/ubuntu/workspace/ksolomon-cst352/labs/777/inc/functions.php on line 4 and defined in /home/ubuntu/workspace/ksolomon-cst352/labs/777/inc/functions.php on line 7
[10-Sep-2017 03:01:36 UTC] PHP Stack trace:
[10-Sep-2017 03:01:36 UTC] PHP   1. {main}() /home/ubuntu/workspace/ksolomon-cst352/labs/777/index.php:0
[10-Sep-2017 03:01:36 UTC] PHP   2. include() /home/ubuntu/workspace/ksolomon-cst352/labs/777/index.php:19
[10-Sep-2017 03:01:36 UTC] PHP   3. displaySymbol() /home/ubuntu/workspace/ksolomon-cst352/labs/777/inc/functions.php:4
[10-Sep-2017 03:01:37 UTC] PHP Warning:  Missing argument 2 for displaySymbol(), called in /home/ubuntu/workspace/ksolomon-cst352/labs/777/inc/functions.php on line 4 and defined in /home/ubuntu/workspace/ksolomon-cst352/labs/777/inc/functions.php on line 7
[10-Sep-2017 03:01:37 UTC] PHP Stack trace:
[10-Sep-2017 03:01:37 UTC] PHP   1. {main}() /home/ubuntu/workspace/ksolomon-cst352/labs/777/index.php:0
[10-Sep-2017 03:01:37 UTC] PHP   2. include() /home/ubuntu/workspace/ksolomon-cst352/labs/777/index.php:19
[10-Sep-2017 03:01:37 UTC] PHP   3. displaySymbol() /home/ubuntu/workspace/ksolomon-cst352/labs/777/inc/functions.php:4
[10-Sep-2017 03:01:37 UTC] PHP Warning:  Missing argument 2 for displaySymbol(), called in /home/ubuntu/workspace/ksolomon-cst352/labs/777/inc/functions.php on line 4 and defined in /home/ubuntu/workspace/ksolomon-cst352/labs/777/inc/functions.php on line 7
[10-Sep-2017 03:01:37 UTC] PHP Stack trace:
[10-Sep-2017 03:01:37 UTC] PHP   1. {main}() /home/ubuntu/workspace/ksolomon-cst352/labs/777/index.php:0
[10-Sep-2017 03:01:37 UTC] PHP   2. include() /home/ubuntu/workspace/ksolomon-cst352/labs/777/index.php:19
[10-Sep-2017 03:01:37 UTC] PHP   3. displaySymbol() /home/ubuntu/workspace/ksolomon-cst352/labs/777/inc/functions.php:4
[10-Sep-2017 03:01:37 UTC] PHP Warning:  Missing argument 2 for displaySymbol(), called in /home/ubuntu/workspace/ksolomon-cst352/labs/777/inc/functions.php on line 4 and defined in /home/ubuntu/workspace/ksolomon-cst352/labs/777/inc/functions.php on line 7
[10-Sep-2017 03:01:37 UTC] PHP Stack trace:
[10-Sep-2017 03:01:37 UTC] PHP   1. {main}() /home/ubuntu/workspace/ksolomon-cst352/labs/777/index.php:0
[10-Sep-2017 03:01:37 UTC] PHP   2. include() /home/ubuntu/workspace/ksolomon-cst352/labs/777/index.php:19
[10-Sep-2017 03:01:37 UTC] PHP   3. displaySymbol() /home/ubuntu/workspace/ksolomon-cst352/labs/777/inc/functions.php:4
[10-Sep-2017 03:02:12 UTC] PHP Warning:  Missing argument 2 for displaySymbol(), called in /home/ubuntu/workspace/ksolomon-cst352/labs/777/inc/functions.php on line 4 and defined in /home/ubuntu/workspace/ksolomon-cst352/labs/777/inc/functions.php on line 7
[10-Sep-2017 03:02:12 UTC] PHP Stack trace:
[10-Sep-2017 03:02:12 UTC] PHP   1. {main}() /home/ubuntu/workspace/ksolomon-cst352/labs/777/index.php:0
[10-Sep-2017 03:02:12 UTC] PHP   2. include() /home/ubuntu/workspace/ksolomon-cst352/labs/777/index.php:19
[10-Sep-2017 03:02:12 UTC] PHP   3. displaySymbol() /home/ubuntu/workspace/ksolomon-cst352/labs/777/inc/functions.php:4
[10-Sep-2017 03:02:12 UTC] PHP Warning:  Missing argument 2 for displaySymbol(), called in /home/ubuntu/workspace/ksolomon-cst352/labs/777/inc/functions.php on line 4 and defined in /home/ubuntu/workspace/ksolomon-cst352/labs/777/inc/functions.php on line 7
[10-Sep-2017 03:02:12 UTC] PHP Stack trace:
[10-Sep-2017 03:02:12 UTC] PHP   1. {main}() /home/ubuntu/workspace/ksolomon-cst352/labs/777/index.php:0
[10-Sep-2017 03:02:12 UTC] PHP   2. include() /home/ubuntu/workspace/ksolomon-cst352/labs/777/index.php:19
[10-Sep-2017 03:02:12 UTC] PHP   3. displaySymbol() /home/ubuntu/workspace/ksolomon-cst352/labs/777/inc/functions.php:4
[10-Sep-2017 03:02:12 UTC] PHP Warning:  Missing argument 2 for displaySymbol(), called in /home/ubuntu/workspace/ksolomon-cst352/labs/777/inc/functions.php on line 4 and defined in /home/ubuntu/workspace/ksolomon-cst352/labs/777/inc/functions.php on line 7
[10-Sep-2017 03:02:12 UTC] PHP Stack trace:
[10-Sep-2017 03:02:12 UTC] PHP   1. {main}() /home/ubuntu/workspace/ksolomon-cst352/labs/777/index.php:0
[10-Sep-2017 03:02:12 UTC] PHP   2. include() /home/ubuntu/workspace/ksolomon-cst352/labs/777/index.php:19
[10-Sep-2017 03:02:12 UTC] PHP   3. displaySymbol() /home/ubuntu/workspace/ksolomon-cst352/labs/777/inc/functions.php:4
[10-Sep-2017 03:03:41 UTC] PHP Warning:  Missing argument 2 for displaySymbol(), called in /home/ubuntu/workspace/ksolomon-cst352/labs/777/inc/functions.php on line 4 and defined in /home/ubuntu/workspace/ksolomon-cst352/labs/777/inc/functions.php on line 7
[10-Sep-2017 03:03:41 UTC] PHP Stack trace:
[10-Sep-2017 03:03:41 UTC] PHP   1. {main}() /home/ubuntu/workspace/ksolomon-cst352/labs/777/index.php:0
[10-Sep-2017 03:03:41 UTC] PHP   2. include() /home/ubuntu/workspace/ksolomon-cst352/labs/777/index.php:14
[10-Sep-2017 03:03:41 UTC] PHP   3. displaySymbol() /home/ubuntu/workspace/ksolomon-cst352/labs/777/inc/functions.php:4
[10-Sep-2017 03:03:41 UTC] PHP Warning:  Missing argument 2 for displaySymbol(), called in /home/ubuntu/workspace/ksolomon-cst352/labs/777/inc/functions.php on line 4 and defined in /home/ubuntu/workspace/ksolomon-cst352/labs/777/inc/functions.php on line 7
[10-Sep-2017 03:03:41 UTC] PHP Stack trace:
[10-Sep-2017 03:03:41 UTC] PHP   1. {main}() /home/ubuntu/workspace/ksolomon-cst352/labs/777/index.php:0
[10-Sep-2017 03:03:41 UTC] PHP   2. include() /home/ubuntu/workspace/ksolomon-cst352/labs/777/index.php:14
[10-Sep-2017 03:03:41 UTC] PHP   3. displaySymbol() /home/ubuntu/workspace/ksolomon-cst352/labs/777/inc/functions.php:4
[10-Sep-2017 03:03:41 UTC] PHP Warning:  Missing argument 2 for displaySymbol(), called in /home/ubuntu/workspace/ksolomon-cst352/labs/777/inc/functions.php on line 4 and defined in /home/ubuntu/workspace/ksolomon-cst352/labs/777/inc/functions.php on line 7
[10-Sep-2017 03:03:41 UTC] PHP Stack trace:
[10-Sep-2017 03:03:41 UTC] PHP   1. {main}() /home/ubuntu/workspace/ksolomon-cst352/labs/777/index.php:0
[10-Sep-2017 03:03:41 UTC] PHP   2. include() /home/ubuntu/workspace/ksolomon-cst352/labs/777/index.php:14
[10-Sep-2017 03:03:41 UTC] PHP   3. displaySymbol() /home/ubuntu/workspace/ksolomon-cst352/labs/777/inc/functions.php:4
[10-Sep-2017 03:06:06 UTC] PHP Warning:  Missing argument 2 for displaySymbol(), called in /home/ubuntu/workspace/ksolomon-cst352/labs/777/inc/functions.php on line 4 and defined in /home/ubuntu/workspace/ksolomon-cst352/labs/777/inc/functions.php on line 7
[10-Sep-2017 03:06:06 UTC] PHP Stack trace:
[10-Sep-2017 03:06:06 UTC] PHP   1. {main}() /home/ubuntu/workspace/ksolomon-cst352/labs/777/index.php:0
[10-Sep-2017 03:06:06 UTC] PHP   2. include() /home/ubuntu/workspace/ksolomon-cst352/labs/777/index.php:14
[10-Sep-2017 03:06:06 UTC] PHP   3. displaySymbol() /home/ubuntu/workspace/ksolomon-cst352/labs/777/inc/functions.php:4
[10-Sep-2017 03:06:06 UTC] PHP Warning:  Missing argument 2 for displaySymbol(), called in /home/ubuntu/workspace/ksolomon-cst352/labs/777/inc/functions.php on line 4 and defined in /home/ubuntu/workspace/ksolomon-cst352/labs/777/inc/functions.php on line 7
[10-Sep-2017 03:06:06 UTC] PHP Stack trace:
[10-Sep-2017 03:06:06 UTC] PHP   1. {main}() /home/ubuntu/workspace/ksolomon-cst352/labs/777/index.php:0
[10-Sep-2017 03:06:06 UTC] PHP   2. include() /home/ubuntu/workspace/ksolomon-cst352/labs/777/index.php:14
[10-Sep-2017 03:06:06 UTC] PHP   3. displaySymbol() /home/ubuntu/workspace/ksolomon-cst352/labs/777/inc/functions.php:4
[10-Sep-2017 03:06:06 UTC] PHP Warning:  Missing argument 2 for displaySymbol(), called in /home/ubuntu/workspace/ksolomon-cst352/labs/777/inc/functions.php on line 4 and defined in /home/ubuntu/workspace/ksolomon-cst352/labs/777/inc/functions.php on line 7
[10-Sep-2017 03:06:06 UTC] PHP Stack trace:
[10-Sep-2017 03:06:06 UTC] PHP   1. {main}() /home/ubuntu/workspace/ksolomon-cst352/labs/777/index.php:0
[10-Sep-2017 03:06:06 UTC] PHP   2. include() /home/ubuntu/workspace/ksolomon-cst352/labs/777/index.php:14
[10-Sep-2017 03:06:06 UTC] PHP   3. displaySymbol() /home/ubuntu/workspace/ksolomon-cst352/labs/777/inc/functions.php:4
[10-Sep-2017 03:07:01 UTC] PHP Warning:  Missing argument 2 for displaySymbol(), called in /home/ubuntu/workspace/ksolomon-cst352/labs/777/inc/functions.php on line 4 and defined in /home/ubuntu/workspace/ksolomon-cst352/labs/777/inc/functions.php on line 7
[10-Sep-2017 03:07:01 UTC] PHP Stack trace:
[10-Sep-2017 03:07:01 UTC] PHP   1. {main}() /home/ubuntu/workspace/ksolomon-cst352/labs/777/index.php:0
[10-Sep-2017 03:07:01 UTC] PHP   2. include() /home/ubuntu/workspace/ksolomon-cst352/labs/777/index.php:18
[10-Sep-2017 03:07:01 UTC] PHP   3. displaySymbol() /home/ubuntu/workspace/ksolomon-cst352/labs/777/inc/functions.php:4
[10-Sep-2017 03:07:01 UTC] PHP Warning:  Missing argument 2 for displaySymbol(), called in /home/ubuntu/workspace/ksolomon-cst352/labs/777/inc/functions.php on line 4 and defined in /home/ubuntu/workspace/ksolomon-cst352/labs/777/inc/functions.php on line 7
[10-Sep-2017 03:07:01 UTC] PHP Stack trace:
[10-Sep-2017 03:07:01 UTC] PHP   1. {main}() /home/ubuntu/workspace/ksolomon-cst352/labs/777/index.php:0
[10-Sep-2017 03:07:01 UTC] PHP   2. include() /home/ubuntu/workspace/ksolomon-cst352/labs/777/index.php:18
[10-Sep-2017 03:07:01 UTC] PHP   3. displaySymbol() /home/ubuntu/workspace/ksolomon-cst352/labs/777/inc/functions.php:4
[10-Sep-2017 03:07:01 UTC] PHP Warning:  Missing argument 2 for displaySymbol(), called in /home/ubuntu/workspace/ksolomon-cst352/labs/777/inc/functions.php on line 4 and defined in /home/ubuntu/workspace/ksolomon-cst352/labs/777/inc/functions.php on line 7
[10-Sep-2017 03:07:01 UTC] PHP Stack trace:
[10-Sep-2017 03:07:01 UTC] PHP   1. {main}() /home/ubuntu/workspace/ksolomon-cst352/labs/777/index.php:0
[10-Sep-2017 03:07:01 UTC] PHP   2. include() /home/ubuntu/workspace/ksolomon-cst352/labs/777/index.php:18
[10-Sep-2017 03:07:01 UTC] PHP   3. displaySymbol() /home/ubuntu/workspace/ksolomon-cst352/labs/777/inc/functions.php:4
[10-Sep-2017 03:07:03 UTC] PHP Warning:  Missing argument 2 for displaySymbol(), called in /home/ubuntu/workspace/ksolomon-cst352/labs/777/inc/functions.php on line 4 and defined in /home/ubuntu/workspace/ksolomon-cst352/labs/777/inc/functions.php on line 7
[10-Sep-2017 03:07:03 UTC] PHP Stack trace:
[10-Sep-2017 03:07:03 UTC] PHP   1. {main}() /home/ubuntu/workspace/ksolomon-cst352/labs/777/index.php:0
[10-Sep-2017 03:07:03 UTC] PHP   2. include() /home/ubuntu/workspace/ksolomon-cst352/labs/777/index.php:18
[10-Sep-2017 03:07:03 UTC] PHP   3. displaySymbol() /home/ubuntu/workspace/ksolomon-cst352/labs/777/inc/functions.php:4
[10-Sep-2017 03:07:03 UTC] PHP Warning:  Missing argument 2 for displaySymbol(), called in /home/ubuntu/workspace/ksolomon-cst352/labs/777/inc/functions.php on line 4 and defined in /home/ubuntu/workspace/ksolomon-cst352/labs/777/inc/functions.php on line 7
[10-Sep-2017 03:07:03 UTC] PHP Stack trace:
[10-Sep-2017 03:07:03 UTC] PHP   1. {main}() /home/ubuntu/workspace/ksolomon-cst352/labs/777/index.php:0
[10-Sep-2017 03:07:03 UTC] PHP   2. include() /home/ubuntu/workspace/ksolomon-cst352/labs/777/index.php:18
[10-Sep-2017 03:07:03 UTC] PHP   3. displaySymbol() /home/ubuntu/workspace/ksolomon-cst352/labs/777/inc/functions.php:4
[10-Sep-2017 03:07:03 UTC] PHP Warning:  Missing argument 2 for displaySymbol(), called in /home/ubuntu/workspace/ksolomon-cst352/labs/777/inc/functions.php on line 4 and defined in /home/ubuntu/workspace/ksolomon-cst352/labs/777/inc/functions.php on line 7
[10-Sep-2017 03:07:03 UTC] PHP Stack trace:
[10-Sep-2017 03:07:03 UTC] PHP   1. {main}() /home/ubuntu/workspace/ksolomon-cst352/labs/777/index.php:0
[10-Sep-2017 03:07:03 UTC] PHP   2. include() /home/ubuntu/workspace/ksolomon-cst352/labs/777/index.php:18
[10-Sep-2017 03:07:03 UTC] PHP   3. displaySymbol() /home/ubuntu/workspace/ksolomon-cst352/labs/777/inc/functions.php:4
[10-Sep-2017 03:07:55 UTC] PHP Warning:  Missing argument 2 for displaySymbol(), called in /home/ubuntu/workspace/ksolomon-cst352/labs/777/inc/functions.php on line 4 and defined in /home/ubuntu/workspace/ksolomon-cst352/labs/777/inc/functions.php on line 7
[10-Sep-2017 03:07:55 UTC] PHP Stack trace:
[10-Sep-2017 03:07:55 UTC] PHP   1. {main}() /home/ubuntu/workspace/ksolomon-cst352/labs/777/index.php:0
[10-Sep-2017 03:07:55 UTC] PHP   2. include() /home/ubuntu/workspace/ksolomon-cst352/labs/777/index.php:13
[10-Sep-2017 03:07:55 UTC] PHP   3. displaySymbol() /home/ubuntu/workspace/ksolomon-cst352/labs/777/inc/functions.php:4
[10-Sep-2017 03:07:55 UTC] PHP Warning:  Missing argument 2 for displaySymbol(), called in /home/ubuntu/workspace/ksolomon-cst352/labs/777/inc/functions.php on line 4 and defined in /home/ubuntu/workspace/ksolomon-cst352/labs/777/inc/functions.php on line 7
[10-Sep-2017 03:07:55 UTC] PHP Stack trace:
[10-Sep-2017 03:07:55 UTC] PHP   1. {main}() /home/ubuntu/workspace/ksolomon-cst352/labs/777/index.php:0
[10-Sep-2017 03:07:55 UTC] PHP   2. include() /home/ubuntu/workspace/ksolomon-cst352/labs/777/index.php:13
[10-Sep-2017 03:07:55 UTC] PHP   3. displaySymbol() /home/ubuntu/workspace/ksolomon-cst352/labs/777/inc/functions.php:4
[10-Sep-2017 03:07:55 UTC] PHP Warning:  Missing argument 2 for displaySymbol(), called in /home/ubuntu/workspace/ksolomon-cst352/labs/777/inc/functions.php on line 4 and defined in /home/ubuntu/workspace/ksolomon-cst352/labs/777/inc/functions.php on line 7
[10-Sep-2017 03:07:55 UTC] PHP Stack trace:
[10-Sep-2017 03:07:55 UTC] PHP   1. {main}() /home/ubuntu/workspace/ksolomon-cst352/labs/777/index.php:0
[10-Sep-2017 03:07:55 UTC] PHP   2. include() /home/ubuntu/workspace/ksolomon-cst352/labs/777/index.php:13
[10-Sep-2017 03:07:55 UTC] PHP   3. displaySymbol() /home/ubuntu/workspace/ksolomon-cst352/labs/777/inc/functions.php:4
[10-Sep-2017 03:13:57 UTC] PHP Parse error:  syntax error, unexpected '<' in /home/ubuntu/workspace/ksolomon-cst352/labs/777/index.php on line 16
